Using pre-set license
Built from '2020.2/staging' branch; Version is '2020.2.7f1 (c53830e277f1) revision 12924976'; Using compiler version '192528614'; Build Type 'Release'
OS: 'Windows 10 Home; OS build 19042.867; Version 2009; 64bit' Language: 'en' Physical Memory: 16303 MB
BatchMode: 1, IsHumanControllingUs: 0, StartBugReporterOnCrash: 0, Is64bit: 1, IsPro: 0

 COMMAND LINE ARGUMENTS:
D:\2020.2.7f1\Editor\Unity.exe
-adb2
-batchMode
-noUpm
-name
AssetImportWorker0
-projectPath
D:/Unity_D/_AdvancedCG_AR/Volumetric VR
-logFile
Logs/AssetImportWorker0.log
-srvPort
62988
Successfully changed project path to: D:/Unity_D/_AdvancedCG_AR/Volumetric VR
D:/Unity_D/_AdvancedCG_AR/Volumetric VR
Using Asset Import Pipeline V2.
Refreshing native plugins compatible for Editor in 58.34 ms, found 3 plugins.
Preloading 0 native plugins for Editor in 0.00 ms.
Initialize engine version: 2020.2.7f1 (c53830e277f1)
[Subsystems] Discovering subsystems at path D:/2020.2.7f1/Editor/Data/Resources/UnitySubsystems
[Subsystems] Discovering subsystems at path D:/Unity_D/_AdvancedCG_AR/Volumetric VR/Assets
GfxDevice: creating device client; threaded=0
Direct3D:
    Version:  Direct3D 11.0 [level 11.1]
    Renderer: NVIDIA GeForce RTX 2080 with Max-Q Design (ID=0x1ed0)
    Vendor:   
    VRAM:     8010 MB
    Driver:   26.21.14.3165
Shader 'Universal Render Pipeline/Particles/Lit': fallback shader 'Universal Render Pipeline/Particles/SimpleLit' not found
Initialize mono
Mono path[0] = 'D:/2020.2.7f1/Editor/Data/Managed'
Mono path[1] = 'D:/2020.2.7f1/Editor/Data/MonoBleedingEdge/lib/mono/unityjit'
Mono config path = 'D:/2020.2.7f1/Editor/Data/MonoBleedingEdge/etc'
Using monoOptions --debugger-agent=transport=dt_socket,embedding=1,server=y,suspend=n,address=127.0.0.1:56412
Begin MonoManager ReloadAssembly
Registering precompiled unity dll's ...
Register platform support module: D:/2020.2.7f1/Editor/Data/PlaybackEngines/WindowsStandaloneSupport/UnityEditor.WindowsStandalone.Extensions.dll
Registered in 0.001124 seconds.
Native extension for WindowsStandalone target not found
Refreshing native plugins compatible for Editor in 51.50 ms, found 3 plugins.
Preloading 0 native plugins for Editor in 0.00 ms.
Invoked RoslynAnalysisRunner static constructor.
RoslynAnalysisRunner will not be running.
RoslynAnalysisRunner has terminated.
Mono: successfully reloaded assembly
- Completed reload, in  1.120 seconds
Platform modules already initialized, skipping
Registering precompiled user dll's ...
Registered in 0.002392 seconds.
Begin MonoManager ReloadAssembly
Native extension for WindowsStandalone target not found
Refreshing native plugins compatible for Editor in 59.15 ms, found 3 plugins.
Preloading 0 native plugins for Editor in 0.00 ms.
Invoked RoslynAnalysisRunner static constructor.
RoslynAnalysisRunner will not be running.
RoslynAnalysisRunner has terminated.
Mono: successfully reloaded assembly
- Completed reload, in  1.083 seconds
Platform modules already initialized, skipping
========================================================================
Worker process is ready to serve import requests
Shader 'Universal Render Pipeline/Particles/Lit': fallback shader 'Universal Render Pipeline/Particles/SimpleLit' not found
Launched and connected shader compiler UnityShaderCompiler.exe after 0.06 seconds
Refreshing native plugins compatible for Editor in 0.78 ms, found 3 plugins.
Preloading 0 native plugins for Editor in 0.00 ms.
Unloading 2749 Unused Serialized files (Serialized files now loaded: 0)
System memory in use before: 125.9 MB.
System memory in use after: 126.1 MB.

Unloading 13 unused Assets to reduce memory usage. Loaded Objects now: 3191.
Total: 4.022900 ms (FindLiveObjects: 0.546000 ms CreateObjectMapping: 0.213300 ms MarkObjects: 3.162600 ms  DeleteObjects: 0.098000 ms)

========================================================================
Received Import Request.
  path: Assets/Readme.asset
  artifactKey: Guid(83c2ed844a8c74b779a4c823d16594b1) Importer(815301076,1909f56bfc062723c751e8b465ee728b)
Start importing Assets/Readme.asset using Guid(83c2ed844a8c74b779a4c823d16594b1) Importer(815301076,1909f56bfc062723c751e8b465ee728b)  -> (artifact id: '5c253fc7b4633d5a851cdaf2bbe61442') in 0.035380 seconds
  Import took 0.040414 seconds .

========================================================================
Received Import Request.
  Time since last request: 5.778808 seconds.
  path: Assets/_Scenes/MenuScene.unity
  artifactKey: Guid(d1c3109bdb54ad54c8a2b2838528e640) Importer(815301076,1909f56bfc062723c751e8b465ee728b)
Start importing Assets/_Scenes/MenuScene.unity using Guid(d1c3109bdb54ad54c8a2b2838528e640) Importer(815301076,1909f56bfc062723c751e8b465ee728b)  -> (artifact id: '62dd575c27d838ff028a853c33a7146a') in 0.002734 seconds
  Import took 0.007276 seconds .

========================================================================
Received Import Request.
  Time since last request: 0.087748 seconds.
  path: Assets/_Scenes/MenuScene.unity
  artifactKey: Guid(d1c3109bdb54ad54c8a2b2838528e640) Importer(815301076,1909f56bfc062723c751e8b465ee728b)
Start importing Assets/_Scenes/MenuScene.unity using Guid(d1c3109bdb54ad54c8a2b2838528e640) Importer(815301076,1909f56bfc062723c751e8b465ee728b)  -> (artifact id: '62dd575c27d838ff028a853c33a7146a') in 0.002084 seconds
  Import took 0.006732 seconds .

========================================================================
Received Import Request.
  Time since last request: 5.708832 seconds.
  path: Assets/_Scenes
  artifactKey: Guid(0b3fb879fed8bf14db1a3570dd546fac) Importer(815301076,1909f56bfc062723c751e8b465ee728b)
Start importing Assets/_Scenes using Guid(0b3fb879fed8bf14db1a3570dd546fac) Importer(815301076,1909f56bfc062723c751e8b465ee728b)  -> (artifact id: '503021f91122f94975f489ec63aa92ee') in 0.002329 seconds
  Import took 0.008144 seconds .

========================================================================
Received Import Request.
  Time since last request: 97.671008 seconds.
  path: Assets/_Scenes/New SceneTemplate.scenetemplate
  artifactKey: Guid(fee45c9ba6c4c734daac5fa408d7f153) Importer(815301076,1909f56bfc062723c751e8b465ee728b)
Start importing Assets/_Scenes/New SceneTemplate.scenetemplate using Guid(fee45c9ba6c4c734daac5fa408d7f153) Importer(815301076,1909f56bfc062723c751e8b465ee728b)  -> (artifact id: 'aae873f6b4e79200a703a5407ce44c10') in 0.018766 seconds
  Import took 0.024883 seconds .

========================================================================
Received Import Request.
  Time since last request: 14.236876 seconds.
  path: Assets/_Scenes/TestingAnimations.unity
  artifactKey: Guid(e07f9c1f09bc31b498995e3ba373272a) Importer(815301076,1909f56bfc062723c751e8b465ee728b)
Start importing Assets/_Scenes/TestingAnimations.unity using Guid(e07f9c1f09bc31b498995e3ba373272a) Importer(815301076,1909f56bfc062723c751e8b465ee728b)  -> (artifact id: 'ecaeece5d219dbef2fd640657e9296c9') in 0.002421 seconds
  Import took 0.007703 seconds .

========================================================================
Received Import Request.
  Time since last request: 62.607600 seconds.
  path: Assets/_Scripts
  artifactKey: Guid(02a3527b6b33a924e8ec66aa805ea717) Importer(815301076,1909f56bfc062723c751e8b465ee728b)
Start importing Assets/_Scripts using Guid(02a3527b6b33a924e8ec66aa805ea717) Importer(815301076,1909f56bfc062723c751e8b465ee728b)  -> (artifact id: '404ceb395325fefb4c5d106a0c52e4f4') in 0.002340 seconds
  Import took 0.008016 seconds .

========================================================================
Received Import Request.
  Time since last request: 9.874894 seconds.
  path: Assets/_Scripts/SimpleRecordAnimation.cs
  artifactKey: Guid(ceab4d5f6b771054e8377008bdd8653c) Importer(815301076,1909f56bfc062723c751e8b465ee728b)
Start importing Assets/_Scripts/SimpleRecordAnimation.cs using Guid(ceab4d5f6b771054e8377008bdd8653c) Importer(815301076,1909f56bfc062723c751e8b465ee728b)  -> (artifact id: '7a1843f36e4616910e8af96b8e048f42') in 0.014398 seconds
  Import took 0.019671 seconds .

========================================================================
Received Prepare
Registering precompiled user dll's ...
Registered in 0.002299 seconds.
Begin MonoManager ReloadAssembly
Native extension for WindowsStandalone target not found
Refreshing native plugins compatible for Editor in 0.61 ms, found 3 plugins.
Preloading 0 native plugins for Editor in 0.00 ms.
Invoked RoslynAnalysisRunner static constructor.
RoslynAnalysisRunner will not be running.
RoslynAnalysisRunner has terminated.
Mono: successfully reloaded assembly
- Completed reload, in  1.010 seconds
Platform modules already initialized, skipping
Shader 'Universal Render Pipeline/Particles/Lit': fallback shader 'Universal Render Pipeline/Particles/SimpleLit' not found
Refreshing native plugins compatible for Editor in 0.73 ms, found 3 plugins.
Preloading 0 native plugins for Editor in 0.00 ms.
Unloading 2608 Unused Serialized files (Serialized files now loaded: 0)
System memory in use before: 118.2 MB.
System memory in use after: 118.4 MB.

Unloading 8 unused Assets to reduce memory usage. Loaded Objects now: 3196.
Total: 3.063300 ms (FindLiveObjects: 0.555200 ms CreateObjectMapping: 0.271700 ms MarkObjects: 2.207300 ms  DeleteObjects: 0.027100 ms)

========================================================================
Received Import Request.
  Time since last request: 249.630761 seconds.
  path: Assets/_Scripts/SimpleRecordAnimation.cs
  artifactKey: Guid(ceab4d5f6b771054e8377008bdd8653c) Importer(815301076,1909f56bfc062723c751e8b465ee728b)
Start importing Assets/_Scripts/SimpleRecordAnimation.cs using Guid(ceab4d5f6b771054e8377008bdd8653c) Importer(815301076,1909f56bfc062723c751e8b465ee728b)  -> (artifact id: 'b70bce5a5b4c52ed4e66744617545fbf') in 0.006011 seconds
  Import took 0.010969 seconds .

========================================================================
Received Prepare
Registering precompiled user dll's ...
Registered in 0.002142 seconds.
Begin MonoManager ReloadAssembly
Native extension for WindowsStandalone target not found
Refreshing native plugins compatible for Editor in 1.00 ms, found 3 plugins.
Preloading 0 native plugins for Editor in 0.00 ms.
Invoked RoslynAnalysisRunner static constructor.
RoslynAnalysisRunner will not be running.
RoslynAnalysisRunner has terminated.
Mono: successfully reloaded assembly
- Completed reload, in  1.071 seconds
Platform modules already initialized, skipping
Shader 'Universal Render Pipeline/Particles/Lit': fallback shader 'Universal Render Pipeline/Particles/SimpleLit' not found
Refreshing native plugins compatible for Editor in 0.71 ms, found 3 plugins.
Preloading 0 native plugins for Editor in 0.00 ms.
Unloading 2608 Unused Serialized files (Serialized files now loaded: 0)
System memory in use before: 117.9 MB.
System memory in use after: 118.2 MB.

Unloading 8 unused Assets to reduce memory usage. Loaded Objects now: 3200.
Total: 2.816100 ms (FindLiveObjects: 0.314900 ms CreateObjectMapping: 0.183900 ms MarkObjects: 2.297000 ms  DeleteObjects: 0.019000 ms)

========================================================================
Received Prepare
Registering precompiled user dll's ...
Registered in 0.002562 seconds.
Begin MonoManager ReloadAssembly
Native extension for WindowsStandalone target not found
Refreshing native plugins compatible for Editor in 0.56 ms, found 3 plugins.
Preloading 0 native plugins for Editor in 0.00 ms.
Invoked RoslynAnalysisRunner static constructor.
RoslynAnalysisRunner will not be running.
RoslynAnalysisRunner has terminated.
Mono: successfully reloaded assembly
- Completed reload, in  0.960 seconds
Platform modules already initialized, skipping
Shader 'Universal Render Pipeline/Particles/Lit': fallback shader 'Universal Render Pipeline/Particles/SimpleLit' not found
Refreshing native plugins compatible for Editor in 1.14 ms, found 3 plugins.
Preloading 0 native plugins for Editor in 0.00 ms.
Unloading 2608 Unused Serialized files (Serialized files now loaded: 0)
System memory in use before: 118.4 MB.
System memory in use after: 118.6 MB.

Unloading 8 unused Assets to reduce memory usage. Loaded Objects now: 3204.
Total: 3.085900 ms (FindLiveObjects: 0.535200 ms CreateObjectMapping: 0.223000 ms MarkObjects: 2.299600 ms  DeleteObjects: 0.026400 ms)

========================================================================
Received Prepare
Registering precompiled user dll's ...
Registered in 0.002166 seconds.
Begin MonoManager ReloadAssembly
Native extension for WindowsStandalone target not found
Refreshing native plugins compatible for Editor in 0.58 ms, found 3 plugins.
Preloading 0 native plugins for Editor in 0.00 ms.
Invoked RoslynAnalysisRunner static constructor.
RoslynAnalysisRunner will not be running.
RoslynAnalysisRunner has terminated.
Mono: successfully reloaded assembly
- Completed reload, in  0.972 seconds
Platform modules already initialized, skipping
Shader 'Universal Render Pipeline/Particles/Lit': fallback shader 'Universal Render Pipeline/Particles/SimpleLit' not found
Refreshing native plugins compatible for Editor in 0.93 ms, found 3 plugins.
Preloading 0 native plugins for Editor in 0.00 ms.
Unloading 2608 Unused Serialized files (Serialized files now loaded: 0)
System memory in use before: 118.4 MB.
System memory in use after: 118.6 MB.

Unloading 8 unused Assets to reduce memory usage. Loaded Objects now: 3208.
Total: 3.296500 ms (FindLiveObjects: 0.678600 ms CreateObjectMapping: 0.332100 ms MarkObjects: 2.256100 ms  DeleteObjects: 0.027300 ms)

========================================================================
Received Prepare
Registering precompiled user dll's ...
Registered in 0.002257 seconds.
Begin MonoManager ReloadAssembly
Native extension for WindowsStandalone target not found
Refreshing native plugins compatible for Editor in 0.58 ms, found 3 plugins.
Preloading 0 native plugins for Editor in 0.00 ms.
Invoked RoslynAnalysisRunner static constructor.
RoslynAnalysisRunner will not be running.
RoslynAnalysisRunner has terminated.
Mono: successfully reloaded assembly
- Completed reload, in  0.963 seconds
Platform modules already initialized, skipping
Shader 'Universal Render Pipeline/Particles/Lit': fallback shader 'Universal Render Pipeline/Particles/SimpleLit' not found
Refreshing native plugins compatible for Editor in 0.77 ms, found 3 plugins.
Preloading 0 native plugins for Editor in 0.00 ms.
Unloading 2608 Unused Serialized files (Serialized files now loaded: 0)
System memory in use before: 118.4 MB.
System memory in use after: 118.6 MB.

Unloading 8 unused Assets to reduce memory usage. Loaded Objects now: 3212.
Total: 2.809400 ms (FindLiveObjects: 0.436700 ms CreateObjectMapping: 0.186400 ms MarkObjects: 2.151000 ms  DeleteObjects: 0.032800 ms)

========================================================================
Received Import Request.
  Time since last request: 333.018885 seconds.
  path: Assets
  artifactKey: Guid(00000000000000001000000000000000) Importer(815301076,1909f56bfc062723c751e8b465ee728b)
Start importing Assets using Guid(00000000000000001000000000000000) Importer(815301076,1909f56bfc062723c751e8b465ee728b)  -> (artifact id: 'f89434ac489deb914593f829e0a47671') in 0.007328 seconds
  Import took 0.012948 seconds .

========================================================================
Received Import Request.
  Time since last request: 0.005447 seconds.
  path: Assets
  artifactKey: Guid(00000000000000001000000000000000) Importer(815301076,1909f56bfc062723c751e8b465ee728b)
Start importing Assets using Guid(00000000000000001000000000000000) Importer(815301076,1909f56bfc062723c751e8b465ee728b)  -> (artifact id: 'f89434ac489deb914593f829e0a47671') in 0.002291 seconds
  Import took 0.007097 seconds .

========================================================================
Received Import Request.
  Time since last request: 8.429110 seconds.
  path: Assets/Animations
  artifactKey: Guid(09b84c1c410058d458037757f467ad2c) Importer(815301076,1909f56bfc062723c751e8b465ee728b)
Start importing Assets/Animations using Guid(09b84c1c410058d458037757f467ad2c) Importer(815301076,1909f56bfc062723c751e8b465ee728b)  -> (artifact id: '4cfafd6e17e8399bc69d5cf189ceb0bb') in 0.002589 seconds
  Import took 0.007969 seconds .

========================================================================
Received Import Request.
  Time since last request: 5.493337 seconds.
  path: Assets/Animations/Testing
  artifactKey: Guid(b3cbc47a374558744970759e09d1ee2a) Importer(815301076,1909f56bfc062723c751e8b465ee728b)
Start importing Assets/Animations/Testing using Guid(b3cbc47a374558744970759e09d1ee2a) Importer(815301076,1909f56bfc062723c751e8b465ee728b)  -> (artifact id: 'c7a15a630b4c290d831fc230385a8b1e') in 0.003111 seconds
  Import took 0.008679 seconds .

========================================================================
Received Import Request.
  Time since last request: 7.831360 seconds.
  path: Assets/Animations/Testing/TestAnim.anim
  artifactKey: Guid(5d4905638f9173443bce22085d7be273) Importer(815301076,1909f56bfc062723c751e8b465ee728b)
Start importing Assets/Animations/Testing/TestAnim.anim using Guid(5d4905638f9173443bce22085d7be273) Importer(815301076,1909f56bfc062723c751e8b465ee728b)  -> (artifact id: 'be0e578c9d0884c3f7aa7359b76e5637') in 0.017527 seconds
  Import took 0.023402 seconds .

========================================================================
Received Prepare
Registering precompiled user dll's ...
Registered in 0.002508 seconds.
Begin MonoManager ReloadAssembly
Native extension for WindowsStandalone target not found
Refreshing native plugins compatible for Editor in 0.61 ms, found 3 plugins.
Preloading 0 native plugins for Editor in 0.00 ms.
Invoked RoslynAnalysisRunner static constructor.
RoslynAnalysisRunner will not be running.
RoslynAnalysisRunner has terminated.
Mono: successfully reloaded assembly
- Completed reload, in  1.035 seconds
Platform modules already initialized, skipping
Shader 'Universal Render Pipeline/Particles/Lit': fallback shader 'Universal Render Pipeline/Particles/SimpleLit' not found
Refreshing native plugins compatible for Editor in 0.69 ms, found 3 plugins.
Preloading 0 native plugins for Editor in 0.00 ms.
Unloading 2608 Unused Serialized files (Serialized files now loaded: 0)
System memory in use before: 118.1 MB.
System memory in use after: 118.3 MB.

Unloading 8 unused Assets to reduce memory usage. Loaded Objects now: 3216.
Total: 3.259200 ms (FindLiveObjects: 0.650200 ms CreateObjectMapping: 0.235500 ms MarkObjects: 2.351800 ms  DeleteObjects: 0.019000 ms)

========================================================================
Received Import Request.
  Time since last request: 139.999286 seconds.
  path: Assets/Animations/Testing/Cube (1).controller
  artifactKey: Guid(22faf3a1122326a4ca29a0faea8fd636) Importer(815301076,1909f56bfc062723c751e8b465ee728b)
Start importing Assets/Animations/Testing/Cube (1).controller using Guid(22faf3a1122326a4ca29a0faea8fd636) Importer(815301076,1909f56bfc062723c751e8b465ee728b)  -> (artifact id: 'e9194bedb3ef0c0ff55b1a5320a05b86') in 0.019794 seconds
  Import took 0.025797 seconds .

========================================================================
Received Prepare
Registering precompiled user dll's ...
Registered in 0.002628 seconds.
Begin MonoManager ReloadAssembly
Native extension for WindowsStandalone target not found
Refreshing native plugins compatible for Editor in 0.84 ms, found 3 plugins.
Preloading 0 native plugins for Editor in 0.00 ms.
Invoked RoslynAnalysisRunner static constructor.
RoslynAnalysisRunner will not be running.
RoslynAnalysisRunner has terminated.
Mono: successfully reloaded assembly
- Completed reload, in  0.991 seconds
Platform modules already initialized, skipping
Shader 'Universal Render Pipeline/Particles/Lit': fallback shader 'Universal Render Pipeline/Particles/SimpleLit' not found
Refreshing native plugins compatible for Editor in 0.56 ms, found 3 plugins.
Preloading 0 native plugins for Editor in 0.00 ms.
Unloading 2608 Unused Serialized files (Serialized files now loaded: 0)
System memory in use before: 118.4 MB.
System memory in use after: 118.6 MB.

Unloading 8 unused Assets to reduce memory usage. Loaded Objects now: 3220.
Total: 2.902200 ms (FindLiveObjects: 0.499500 ms CreateObjectMapping: 0.200700 ms MarkObjects: 2.177000 ms  DeleteObjects: 0.023700 ms)

========================================================================
Received Prepare
Registering precompiled user dll's ...
Registered in 0.002731 seconds.
Begin MonoManager ReloadAssembly
Native extension for WindowsStandalone target not found
Refreshing native plugins compatible for Editor in 0.70 ms, found 3 plugins.
Preloading 0 native plugins for Editor in 0.00 ms.
Invoked RoslynAnalysisRunner static constructor.
RoslynAnalysisRunner will not be running.
RoslynAnalysisRunner has terminated.
Mono: successfully reloaded assembly
- Completed reload, in  1.046 seconds
Platform modules already initialized, skipping
Shader 'Universal Render Pipeline/Particles/Lit': fallback shader 'Universal Render Pipeline/Particles/SimpleLit' not found
Refreshing native plugins compatible for Editor in 0.71 ms, found 3 plugins.
Preloading 0 native plugins for Editor in 0.00 ms.
Unloading 2608 Unused Serialized files (Serialized files now loaded: 0)
System memory in use before: 118.4 MB.
System memory in use after: 118.6 MB.

Unloading 8 unused Assets to reduce memory usage. Loaded Objects now: 3224.
Total: 3.089300 ms (FindLiveObjects: 0.451300 ms CreateObjectMapping: 0.150500 ms MarkObjects: 2.458200 ms  DeleteObjects: 0.027500 ms)

========================================================================
Received Import Request.
  Time since last request: 102.581276 seconds.
  path: Assets/Animations/Testing/TestAnim.anim
  artifactKey: Guid(5d4905638f9173443bce22085d7be273) Importer(815301076,1909f56bfc062723c751e8b465ee728b)
Start importing Assets/Animations/Testing/TestAnim.anim using Guid(5d4905638f9173443bce22085d7be273) Importer(815301076,1909f56bfc062723c751e8b465ee728b)  -> (artifact id: '9ee93d3bc62ba925b816c9bbb14e8389') in 0.015774 seconds
  Import took 0.021570 seconds .

========================================================================
Received Prepare
Registering precompiled user dll's ...
Registered in 0.002237 seconds.
Begin MonoManager ReloadAssembly
Native extension for WindowsStandalone target not found
Refreshing native plugins compatible for Editor in 0.70 ms, found 3 plugins.
Preloading 0 native plugins for Editor in 0.00 ms.
Invoked RoslynAnalysisRunner static constructor.
RoslynAnalysisRunner will not be running.
RoslynAnalysisRunner has terminated.
Mono: successfully reloaded assembly
- Completed reload, in  0.948 seconds
Platform modules already initialized, skipping
Shader 'Universal Render Pipeline/Particles/Lit': fallback shader 'Universal Render Pipeline/Particles/SimpleLit' not found
Refreshing native plugins compatible for Editor in 1.14 ms, found 3 plugins.
Preloading 0 native plugins for Editor in 0.00 ms.
Unloading 2608 Unused Serialized files (Serialized files now loaded: 0)
System memory in use before: 118.4 MB.
System memory in use after: 118.7 MB.

Unloading 8 unused Assets to reduce memory usage. Loaded Objects now: 3228.
Total: 4.243500 ms (FindLiveObjects: 0.559400 ms CreateObjectMapping: 0.230000 ms MarkObjects: 3.425400 ms  DeleteObjects: 0.026700 ms)

========================================================================
Received Prepare
Registering precompiled user dll's ...
Registered in 0.002500 seconds.
Begin MonoManager ReloadAssembly
Native extension for WindowsStandalone target not found
Refreshing native plugins compatible for Editor in 0.62 ms, found 3 plugins.
Preloading 0 native plugins for Editor in 0.00 ms.
Invoked RoslynAnalysisRunner static constructor.
RoslynAnalysisRunner will not be running.
RoslynAnalysisRunner has terminated.
Mono: successfully reloaded assembly
- Completed reload, in  1.036 seconds
Platform modules already initialized, skipping
Shader 'Universal Render Pipeline/Particles/Lit': fallback shader 'Universal Render Pipeline/Particles/SimpleLit' not found
Refreshing native plugins compatible for Editor in 1.05 ms, found 3 plugins.
Preloading 0 native plugins for Editor in 0.00 ms.
Unloading 2608 Unused Serialized files (Serialized files now loaded: 0)
System memory in use before: 118.4 MB.
System memory in use after: 118.7 MB.

Unloading 8 unused Assets to reduce memory usage. Loaded Objects now: 3232.
Total: 4.837600 ms (FindLiveObjects: 0.716600 ms CreateObjectMapping: 0.524100 ms MarkObjects: 3.559700 ms  DeleteObjects: 0.034800 ms)

========================================================================
Received Prepare
Registering precompiled user dll's ...
Registered in 0.002886 seconds.
Begin MonoManager ReloadAssembly
Native extension for WindowsStandalone target not found
Refreshing native plugins compatible for Editor in 0.87 ms, found 3 plugins.
Preloading 0 native plugins for Editor in 0.00 ms.
Invoked RoslynAnalysisRunner static constructor.
RoslynAnalysisRunner will not be running.
RoslynAnalysisRunner has terminated.
Mono: successfully reloaded assembly
- Completed reload, in  0.973 seconds
Platform modules already initialized, skipping
Shader 'Universal Render Pipeline/Particles/Lit': fallback shader 'Universal Render Pipeline/Particles/SimpleLit' not found
Refreshing native plugins compatible for Editor in 0.68 ms, found 3 plugins.
Preloading 0 native plugins for Editor in 0.00 ms.
Unloading 2608 Unused Serialized files (Serialized files now loaded: 0)
System memory in use before: 118.4 MB.
System memory in use after: 118.7 MB.

Unloading 8 unused Assets to reduce memory usage. Loaded Objects now: 3236.
Total: 3.148200 ms (FindLiveObjects: 0.421900 ms CreateObjectMapping: 0.153400 ms MarkObjects: 2.548600 ms  DeleteObjects: 0.022800 ms)

========================================================================
Received Prepare
Registering precompiled user dll's ...
Registered in 0.002462 seconds.
Begin MonoManager ReloadAssembly
Native extension for WindowsStandalone target not found
Refreshing native plugins compatible for Editor in 0.83 ms, found 3 plugins.
Preloading 0 native plugins for Editor in 0.00 ms.
Invoked RoslynAnalysisRunner static constructor.
RoslynAnalysisRunner will not be running.
RoslynAnalysisRunner has terminated.
Mono: successfully reloaded assembly
- Completed reload, in  1.126 seconds
Platform modules already initialized, skipping
Shader 'Universal Render Pipeline/Particles/Lit': fallback shader 'Universal Render Pipeline/Particles/SimpleLit' not found
Refreshing native plugins compatible for Editor in 0.76 ms, found 3 plugins.
Preloading 0 native plugins for Editor in 0.00 ms.
Unloading 2608 Unused Serialized files (Serialized files now loaded: 0)
System memory in use before: 118.4 MB.
System memory in use after: 118.7 MB.

Unloading 8 unused Assets to reduce memory usage. Loaded Objects now: 3240.
Total: 3.891500 ms (FindLiveObjects: 0.502500 ms CreateObjectMapping: 0.317400 ms MarkObjects: 3.037700 ms  DeleteObjects: 0.031900 ms)

========================================================================
Received Import Request.
  Time since last request: 184.013961 seconds.
  path: Assets/Animations/Testing/TestAnim.anim
  artifactKey: Guid(5d4905638f9173443bce22085d7be273) Importer(815301076,1909f56bfc062723c751e8b465ee728b)
Start importing Assets/Animations/Testing/TestAnim.anim using Guid(5d4905638f9173443bce22085d7be273) Importer(815301076,1909f56bfc062723c751e8b465ee728b)  -> (artifact id: 'cf3fbd2a74817535b30049140da31e14') in 0.013312 seconds
  Import took 0.018026 seconds .

========================================================================
Received Import Request.
  Time since last request: 0.010873 seconds.
  path: Assets/Animations/Testing/TestAnim.anim
  artifactKey: Guid(5d4905638f9173443bce22085d7be273) Importer(815301076,1909f56bfc062723c751e8b465ee728b)
Start importing Assets/Animations/Testing/TestAnim.anim using Guid(5d4905638f9173443bce22085d7be273) Importer(815301076,1909f56bfc062723c751e8b465ee728b)  -> (artifact id: 'cf3fbd2a74817535b30049140da31e14') in 0.003175 seconds
  Import took 0.008289 seconds .

========================================================================
Received Prepare
Registering precompiled user dll's ...
Registered in 0.002318 seconds.
Begin MonoManager ReloadAssembly
Native extension for WindowsStandalone target not found
Refreshing native plugins compatible for Editor in 0.68 ms, found 3 plugins.
Preloading 0 native plugins for Editor in 0.00 ms.
Invoked RoslynAnalysisRunner static constructor.
RoslynAnalysisRunner will not be running.
RoslynAnalysisRunner has terminated.
Mono: successfully reloaded assembly
- Completed reload, in  0.965 seconds
Platform modules already initialized, skipping
Shader 'Universal Render Pipeline/Particles/Lit': fallback shader 'Universal Render Pipeline/Particles/SimpleLit' not found
Refreshing native plugins compatible for Editor in 1.01 ms, found 3 plugins.
Preloading 0 native plugins for Editor in 0.00 ms.
Unloading 2608 Unused Serialized files (Serialized files now loaded: 0)
System memory in use before: 118.5 MB.
System memory in use after: 118.7 MB.

Unloading 8 unused Assets to reduce memory usage. Loaded Objects now: 3244.
Total: 3.909500 ms (FindLiveObjects: 0.564200 ms CreateObjectMapping: 0.213100 ms MarkObjects: 3.088400 ms  DeleteObjects: 0.040500 ms)

========================================================================
Received Import Request.
  Time since last request: 62.704937 seconds.
  path: Assets/Animations/Testing/TestAnim.anim
  artifactKey: Guid(5d4905638f9173443bce22085d7be273) Importer(815301076,1909f56bfc062723c751e8b465ee728b)
Start importing Assets/Animations/Testing/TestAnim.anim using Guid(5d4905638f9173443bce22085d7be273) Importer(815301076,1909f56bfc062723c751e8b465ee728b)  -> (artifact id: '36d76ccde74944360d99fe3653a80fbe') in 0.013976 seconds
  Import took 0.018917 seconds .

========================================================================
Received Import Request.
  Time since last request: 0.012539 seconds.
  path: Assets/Animations/Testing/TestAnim.anim
  artifactKey: Guid(5d4905638f9173443bce22085d7be273) Importer(815301076,1909f56bfc062723c751e8b465ee728b)
Start importing Assets/Animations/Testing/TestAnim.anim using Guid(5d4905638f9173443bce22085d7be273) Importer(815301076,1909f56bfc062723c751e8b465ee728b)  -> (artifact id: '36d76ccde74944360d99fe3653a80fbe') in 0.004524 seconds
  Import took 0.012325 seconds .

AssetImportWorkerClient::OnTransportError - code=2 error=End of file
